<?xml version="1.0" encoding="UTF-8" ?>
<testsuite tests="4" failures="0" name="com.jamesknights.common.user.service.UserServiceTest" time="0.919" errors="0" skipped="0">
  <properties>
[...]
</properties>
  <testcase classname="com.jamesknights.common.user.service.UserServiceTest" name="deleteUsers" time="0.228"/>
  <testcase classname="com.jamesknights.common.user.service.UserServiceTest" name="readUsers" time="0.001"/>
  <testcase classname="com.jamesknights.common.user.service.UserServiceTest" name="updateUsers" time="0.004"/>
  <testcase classname="com.jamesknights.common.user.service.UserServiceTest" name="createUser" time="0.004"/>
</testsuite>